{"/Users/k.nevinskiy/WebstormProjects/fullstack-javascript-project-4/src/loader/domProcessor.js": {"path":"/Users/k.nevinskiy/WebstormProjects/fullstack-javascript-project-4/src/loader/domProcessor.js","statementMap":{"0":{"start":{"line":5,"column":20},"end":{"line":56,"column":1}},"1":{"start":{"line":6,"column":12},"end":{"line":6,"column":30}},"2":{"start":{"line":7,"column":27},"end":{"line":7,"column":43}},"3":{"start":{"line":8,"column":23},"end":{"line":8,"column":47}},"4":{"start":{"line":10,"column":23},"end":{"line":14,"column":3}},"5":{"start":{"line":16,"column":20},"end":{"line":16,"column":22}},"6":{"start":{"line":18,"column":2},"end":{"line":53,"column":5}},"7":{"start":{"line":19,"column":4},"end":{"line":52,"column":7}},"8":{"start":{"line":20,"column":27},"end":{"line":20,"column":48}},"9":{"start":{"line":21,"column":6},"end":{"line":21,"column":32}},"10":{"start":{"line":21,"column":25},"end":{"line":21,"column":32}},"11":{"start":{"line":23,"column":27},"end":{"line":23,"column":56}},"12":{"start":{"line":24,"column":24},"end":{"line":24,"column":54}},"13":{"start":{"line":26,"column":6},"end":{"line":26,"column":29}},"14":{"start":{"line":26,"column":22},"end":{"line":26,"column":29}},"15":{"start":{"line":29,"column":6},"end":{"line":34,"column":7}},"16":{"start":{"line":30,"column":8},"end":{"line":30,"column":52}},"17":{"start":{"line":32,"column":8},"end":{"line":32,"column":54}},"18":{"start":{"line":33,"column":8},"end":{"line":33,"column":15}},"19":{"start":{"line":36,"column":6},"end":{"line":38,"column":7}},"20":{"start":{"line":37,"column":8},"end":{"line":37,"column":15}},"21":{"start":{"line":40,"column":28},"end":{"line":40,"column":68}},"22":{"start":{"line":41,"column":24},"end":{"line":41,"column":58}},"23":{"start":{"line":43,"column":23},"end":{"line":49,"column":7}},"24":{"start":{"line":50,"column":6},"end":{"line":50,"column":39}},"25":{"start":{"line":51,"column":6},"end":{"line":51,"column":31}},"26":{"start":{"line":55,"column":2},"end":{"line":55,"column":39}}},"fnMap":{"0":{"name":"(anonymous_0)","decl":{"start":{"line":5,"column":20},"end":{"line":5,"column":21}},"loc":{"start":{"line":5,"column":39},"end":{"line":56,"column":1}},"line":5},"1":{"name":"(anonymous_1)","decl":{"start":{"line":18,"column":23},"end":{"line":18,"column":24}},"loc":{"start":{"line":18,"column":42},"end":{"line":53,"column":3}},"line":18},"2":{"name":"(anonymous_2)","decl":{"start":{"line":19,"column":16},"end":{"line":19,"column":17}},"loc":{"start":{"line":19,"column":32},"end":{"line":52,"column":5}},"line":19}},"branchMap":{"0":{"loc":{"start":{"line":21,"column":6},"end":{"line":21,"column":32}},"type":"if","locations":[{"start":{"line":21,"column":6},"end":{"line":21,"column":32}},{"start":{},"end":{}}],"line":21},"1":{"loc":{"start":{"line":24,"column":24},"end":{"line":24,"column":54}},"type":"binary-expr","locations":[{"start":{"line":24,"column":24},"end":{"line":24,"column":46}},{"start":{"line":24,"column":50},"end":{"line":24,"column":54}}],"line":24},"2":{"loc":{"start":{"line":26,"column":6},"end":{"line":26,"column":29}},"type":"if","locations":[{"start":{"line":26,"column":6},"end":{"line":26,"column":29}},{"start":{},"end":{}}],"line":26},"3":{"loc":{"start":{"line":36,"column":6},"end":{"line":38,"column":7}},"type":"if","locations":[{"start":{"line":36,"column":6},"end":{"line":38,"column":7}},{"start":{},"end":{}}],"line":36}},"s":{"0":1,"1":5,"2":5,"3":5,"4":5,"5":5,"6":5,"7":15,"8":12,"9":12,"10":3,"11":9,"12":9,"13":9,"14":3,"15":6,"16":6,"17":0,"18":0,"19":6,"20":3,"21":3,"22":3,"23":3,"24":3,"25":3,"26":5},"f":{"0":5,"1":15,"2":12},"b":{"0":[3,9],"1":[9,3],"2":[3,6],"3":[3,3]},"_coverageSchema":"1a1c01bbd47fc00a2c39e90264f33305004495a9","hash":"c0952f5098fdf2ec133c2a119cedfa76ceafca3e"}
,"/Users/k.nevinskiy/WebstormProjects/fullstack-javascript-project-4/src/loader/nameGenerator.js": {"path":"/Users/k.nevinskiy/WebstormProjects/fullstack-javascript-project-4/src/loader/nameGenerator.js","statementMap":{"0":{"start":{"line":3,"column":32},"end":{"line":9,"column":1}},"1":{"start":{"line":4,"column":33},"end":{"line":4,"column":45}},"2":{"start":{"line":5,"column":19},"end":{"line":5,"column":43}},"3":{"start":{"line":6,"column":2},"end":{"line":8,"column":36}},"4":{"start":{"line":11,"column":32},"end":{"line":19,"column":1}},"5":{"start":{"line":12,"column":33},"end":{"line":12,"column":45}},"6":{"start":{"line":13,"column":20},"end":{"line":13,"column":48}},"7":{"start":{"line":14,"column":19},"end":{"line":14,"column":95}},"8":{"start":{"line":16,"column":2},"end":{"line":18,"column":41}},"9":{"start":{"line":21,"column":31},"end":{"line":27,"column":1}},"10":{"start":{"line":22,"column":33},"end":{"line":22,"column":45}},"11":{"start":{"line":23,"column":18},"end":{"line":23,"column":42}},"12":{"start":{"line":24,"column":2},"end":{"line":26,"column":37}}},"fnMap":{"0":{"name":"(anonymous_0)","decl":{"start":{"line":3,"column":32},"end":{"line":3,"column":33}},"loc":{"start":{"line":3,"column":41},"end":{"line":9,"column":1}},"line":3},"1":{"name":"(anonymous_1)","decl":{"start":{"line":11,"column":32},"end":{"line":11,"column":33}},"loc":{"start":{"line":11,"column":41},"end":{"line":19,"column":1}},"line":11},"2":{"name":"(anonymous_2)","decl":{"start":{"line":21,"column":31},"end":{"line":21,"column":32}},"loc":{"start":{"line":21,"column":40},"end":{"line":27,"column":1}},"line":21}},"branchMap":{"0":{"loc":{"start":{"line":13,"column":20},"end":{"line":13,"column":48}},"type":"binary-expr","locations":[{"start":{"line":13,"column":20},"end":{"line":13,"column":42}},{"start":{"line":13,"column":46},"end":{"line":13,"column":48}}],"line":13}},"s":{"0":3,"1":8,"2":8,"3":8,"4":3,"5":7,"6":7,"7":7,"8":7,"9":3,"10":9,"11":9,"12":9},"f":{"0":8,"1":7,"2":9},"b":{"0":[7,1]},"_coverageSchema":"1a1c01bbd47fc00a2c39e90264f33305004495a9","hash":"9628714a6b02c27dc8abb08e90b1bd3614500979"}
,"/Users/k.nevinskiy/WebstormProjects/fullstack-javascript-project-4/src/loader/pageLoader.js": {"path":"/Users/k.nevinskiy/WebstormProjects/fullstack-javascript-project-4/src/loader/pageLoader.js","statementMap":{"0":{"start":{"line":6,"column":19},"end":{"line":26,"column":1}},"1":{"start":{"line":7,"column":19},"end":{"line":7,"column":40}},"2":{"start":{"line":8,"column":19},"end":{"line":8,"column":52}},"3":{"start":{"line":12,"column":2},"end":{"line":25,"column":7}},"4":{"start":{"line":13,"column":16},"end":{"line":13,"column":30}},"5":{"start":{"line":15,"column":6},"end":{"line":17,"column":7}},"6":{"start":{"line":16,"column":8},"end":{"line":16,"column":71}},"7":{"start":{"line":19,"column":6},"end":{"line":19,"column":51}},"8":{"start":{"line":21,"column":16},"end":{"line":21,"column":24}},"9":{"start":{"line":23,"column":6},"end":{"line":23,"column":47}},"10":{"start":{"line":24,"column":6},"end":{"line":24,"column":67}}},"fnMap":{"0":{"name":"(anonymous_0)","decl":{"start":{"line":6,"column":19},"end":{"line":6,"column":20}},"loc":{"start":{"line":6,"column":39},"end":{"line":26,"column":1}},"line":6},"1":{"name":"(anonymous_1)","decl":{"start":{"line":13,"column":10},"end":{"line":13,"column":11}},"loc":{"start":{"line":13,"column":16},"end":{"line":13,"column":30}},"line":13},"2":{"name":"(anonymous_2)","decl":{"start":{"line":14,"column":10},"end":{"line":14,"column":11}},"loc":{"start":{"line":14,"column":24},"end":{"line":20,"column":5}},"line":14},"3":{"name":"(anonymous_3)","decl":{"start":{"line":21,"column":10},"end":{"line":21,"column":11}},"loc":{"start":{"line":21,"column":16},"end":{"line":21,"column":24}},"line":21},"4":{"name":"(anonymous_4)","decl":{"start":{"line":22,"column":11},"end":{"line":22,"column":12}},"loc":{"start":{"line":22,"column":22},"end":{"line":25,"column":5}},"line":22}},"branchMap":{"0":{"loc":{"start":{"line":15,"column":6},"end":{"line":17,"column":7}},"type":"if","locations":[{"start":{"line":15,"column":6},"end":{"line":17,"column":7}},{"start":{},"end":{}}],"line":15}},"s":{"0":1,"1":4,"2":4,"3":4,"4":4,"5":2,"6":0,"7":2,"8":1,"9":3,"10":3},"f":{"0":4,"1":4,"2":2,"3":1,"4":3},"b":{"0":[0,2]},"_coverageSchema":"1a1c01bbd47fc00a2c39e90264f33305004495a9","hash":"d4b5aeb04046ea06ddc32f124aa8cf4f6b3a9205"}
,"/Users/k.nevinskiy/WebstormProjects/fullstack-javascript-project-4/src/loader/resourceLoader.js": {"path":"/Users/k.nevinskiy/WebstormProjects/fullstack-javascript-project-4/src/loader/resourceLoader.js","statementMap":{"0":{"start":{"line":6,"column":22},"end":{"line":23,"column":1}},"1":{"start":{"line":7,"column":2},"end":{"line":9,"column":3}},"2":{"start":{"line":8,"column":4},"end":{"line":8,"column":29}},"3":{"start":{"line":11,"column":16},"end":{"line":19,"column":5}},"4":{"start":{"line":11,"column":40},"end":{"line":19,"column":3}},"5":{"start":{"line":13,"column":16},"end":{"line":18,"column":8}},"6":{"start":{"line":15,"column":25},"end":{"line":15,"column":63}},"7":{"start":{"line":16,"column":8},"end":{"line":17,"column":61}},"8":{"start":{"line":17,"column":22},"end":{"line":17,"column":59}},"9":{"start":{"line":21,"column":16},"end":{"line":21,"column":54}},"10":{"start":{"line":22,"column":2},"end":{"line":22,"column":21}}},"fnMap":{"0":{"name":"(anonymous_0)","decl":{"start":{"line":6,"column":22},"end":{"line":6,"column":23}},"loc":{"start":{"line":6,"column":48},"end":{"line":23,"column":1}},"line":6},"1":{"name":"(anonymous_1)","decl":{"start":{"line":11,"column":30},"end":{"line":11,"column":31}},"loc":{"start":{"line":11,"column":40},"end":{"line":19,"column":3}},"line":11},"2":{"name":"(anonymous_2)","decl":{"start":{"line":13,"column":10},"end":{"line":13,"column":11}},"loc":{"start":{"line":13,"column":16},"end":{"line":18,"column":8}},"line":13},"3":{"name":"(anonymous_3)","decl":{"start":{"line":14,"column":12},"end":{"line":14,"column":13}},"loc":{"start":{"line":14,"column":26},"end":{"line":18,"column":7}},"line":14},"4":{"name":"(anonymous_4)","decl":{"start":{"line":17,"column":16},"end":{"line":17,"column":17}},"loc":{"start":{"line":17,"column":22},"end":{"line":17,"column":59}},"line":17}},"branchMap":{"0":{"loc":{"start":{"line":7,"column":2},"end":{"line":9,"column":3}},"type":"if","locations":[{"start":{"line":7,"column":2},"end":{"line":9,"column":3}},{"start":{},"end":{}}],"line":7}},"s":{"0":1,"1":2,"2":1,"3":1,"4":2,"5":2,"6":2,"7":2,"8":2,"9":1,"10":1},"f":{"0":2,"1":2,"2":2,"3":2,"4":2},"b":{"0":[1,1]},"_coverageSchema":"1a1c01bbd47fc00a2c39e90264f33305004495a9","hash":"c4e820bcbb6a29615126bfdcf6043e6b1054dbeb"}
}
