TN:
SF:src/loader/domProcessor.js
FN:5,(anonymous_0)
FN:18,(anonymous_1)
FN:19,(anonymous_2)
FNF:3
FNH:3
FNDA:5,(anonymous_0)
FNDA:15,(anonymous_1)
FNDA:12,(anonymous_2)
DA:5,1
DA:6,5
DA:7,5
DA:8,5
DA:10,5
DA:16,5
DA:18,5
DA:19,15
DA:20,12
DA:21,12
DA:23,9
DA:24,9
DA:26,9
DA:29,6
DA:30,6
DA:32,0
DA:33,0
DA:36,6
DA:37,3
DA:40,3
DA:41,3
DA:43,3
DA:50,3
DA:51,3
DA:55,5
LF:25
LH:23
BRDA:21,0,0,3
BRDA:21,0,1,9
BRDA:24,1,0,9
BRDA:24,1,1,3
BRDA:26,2,0,3
BRDA:26,2,1,6
BRDA:36,3,0,3
BRDA:36,3,1,3
BRF:8
BRH:8
end_of_record
TN:
SF:src/loader/nameGenerator.js
FN:3,(anonymous_0)
FN:11,(anonymous_1)
FN:21,(anonymous_2)
FNF:3
FNH:3
FNDA:8,(anonymous_0)
FNDA:7,(anonymous_1)
FNDA:9,(anonymous_2)
DA:3,3
DA:4,8
DA:5,8
DA:6,8
DA:11,3
DA:12,7
DA:13,7
DA:14,7
DA:16,7
DA:21,3
DA:22,9
DA:23,9
DA:24,9
LF:13
LH:13
BRDA:13,0,0,7
BRDA:13,0,1,1
BRF:2
BRH:2
end_of_record
TN:
SF:src/loader/pageLoader.js
FN:6,(anonymous_0)
FN:13,(anonymous_1)
FN:14,(anonymous_2)
FN:21,(anonymous_3)
FN:22,(anonymous_4)
FNF:5
FNH:5
FNDA:4,(anonymous_0)
FNDA:4,(anonymous_1)
FNDA:2,(anonymous_2)
FNDA:1,(anonymous_3)
FNDA:3,(anonymous_4)
DA:6,1
DA:7,4
DA:8,4
DA:12,4
DA:13,4
DA:15,2
DA:16,0
DA:19,2
DA:21,1
DA:23,3
DA:24,3
LF:11
LH:10
BRDA:15,0,0,0
BRDA:15,0,1,2
BRF:2
BRH:1
end_of_record
TN:
SF:src/loader/resourceLoader.js
FN:6,(anonymous_0)
FN:11,(anonymous_1)
FN:13,(anonymous_2)
FN:14,(anonymous_3)
FN:17,(anonymous_4)
FNF:5
FNH:5
FNDA:2,(anonymous_0)
FNDA:2,(anonymous_1)
FNDA:2,(anonymous_2)
FNDA:2,(anonymous_3)
FNDA:2,(anonymous_4)
DA:6,1
DA:7,2
DA:8,1
DA:11,2
DA:13,2
DA:15,2
DA:16,2
DA:17,2
DA:21,1
DA:22,1
LF:10
LH:10
BRDA:7,0,0,1
BRDA:7,0,1,1
BRF:2
BRH:2
end_of_record
